app/build/intermediates/manifest_merge_blame_file/debug/manifest-merger-blame-debug-report.txt
1<?xml version="1.0" encoding="utf-8"?>
2<manifest xmlns:android="http://schemas.android.com/apk/res/android"
3    package="com.example.beebudget"
4    android:versionCode="1"
5    android:versionName="1.0" >
6
7    <uses-sdk
8        android:minSdkVersion="16"
8-->src/main/AndroidManifest.xml
9        android:targetSdkVersion="30" />
9-->src/main/AndroidManifest.xml
10
11    <application
11-->src/main/AndroidManifest.xml:5:5-25:19
12        android:allowBackup="true"
12-->src/main/AndroidManifest.xml:6:9-35
13        android:appComponentFactory="androidx.core.app.CoreComponentFactory"
13-->[androidx.core:core:1.3.1] AndroidManifest.xml:24:18-86
14        android:debuggable="true"
15        android:icon="@drawable/uyg_logosu"
15-->src/main/AndroidManifest.xml:7:9-44
16        android:label="@string/app_name"
16-->src/main/AndroidManifest.xml:8:9-41
17        android:roundIcon="@drawable/uyg_logosu"
17-->src/main/AndroidManifest.xml:9:9-49
18        android:supportsRtl="true"
18-->src/main/AndroidManifest.xml:10:9-35
19        android:testOnly="true"
20        android:theme="@style/Theme.BeeBudget" >
20-->src/main/AndroidManifest.xml:11:9-47
21        <activity android:name="com.example.beebudget.Activitys.Gider_Ekle_Sil" />
21-->src/main/AndroidManifest.xml:12:9-71
21-->src/main/AndroidManifest.xml:12:19-59
22        <activity android:name="com.example.beebudget.Activitys.Gelir_Ekle_Sil" />
22-->src/main/AndroidManifest.xml:13:9-62
22-->src/main/AndroidManifest.xml:13:19-59
23        <activity android:name="com.example.beebudget.Activitys.Gider_Sayfasi" />
23-->src/main/AndroidManifest.xml:14:9-61
23-->src/main/AndroidManifest.xml:14:19-58
24        <activity android:name="com.example.beebudget.Activitys.Gelir_Sayfasi" />
24-->src/main/AndroidManifest.xml:15:9-61
24-->src/main/AndroidManifest.xml:15:19-58
25        <activity android:name="com.example.beebudget.Activitys.SplashActivity" >
25-->src/main/AndroidManifest.xml:16:9-22:20
25-->src/main/AndroidManifest.xml:16:19-59
26            <intent-filter>
26-->src/main/AndroidManifest.xml:17:13-21:29
27                <action android:name="android.intent.action.MAIN" />
27-->src/main/AndroidManifest.xml:18:17-69
27-->src/main/AndroidManifest.xml:18:25-66
28
29                <category android:name="android.intent.category.LAUNCHER" />
29-->src/main/AndroidManifest.xml:20:17-77
29-->src/main/AndroidManifest.xml:20:27-74
30            </intent-filter>
31        </activity>
32        <activity android:name="com.example.beebudget.Activitys.Giris_Activity" />
32-->src/main/AndroidManifest.xml:23:9-62
32-->src/main/AndroidManifest.xml:23:19-59
33        <activity android:name="com.example.beebudget.Activitys.MainActivity" />
33-->src/main/AndroidManifest.xml:24:9-60
33-->src/main/AndroidManifest.xml:24:19-57
34    </application>
35
36</manifest>